0 info it worked if it ends with ok
1 verbose cli [ '/home/cvasquez/.nvm/versions/node/v4.2.1/bin/node',
1 verbose cli   '/home/cvasquez/.nvm/versions/node/v4.2.1/bin/npm',
1 verbose cli   'start' ]
2 info using npm@3.3.8
3 info using node@v4.2.1
4 verbose run-script [ 'prestart', 'start', 'poststart' ]
5 info lifecycle belief-tagger-api@0.0.0~prestart: belief-tagger-api@0.0.0
6 verbose lifecycle belief-tagger-api@0.0.0~prestart: unsafe-perm in lifecycle true
7 verbose lifecycle belief-tagger-api@0.0.0~prestart: PATH: /home/cvasquez/.nvm/versions/node/v4.2.1/lib/node_modules/npm/bin/node-gyp-bin:/home/cvasquez/WebstormProjects/BeliefTagger/node_modules/.bin:/usr/local/heroku/bin:/home/cvasquez/.nvm/versions/node/v4.2.1/bin:/usr/local/heroku/bin:/usr/local/sbin:/usr/local/bin:/usr/sbin:/usr/bin:/sbin:/bin:/usr/games:/usr/local/games:/usr/lib/jvm/java-8-oracle/bin:/usr/lib/jvm/java-8-oracle/db/bin:/usr/lib/jvm/java-8-oracle/jre/bin:/usr/lib/jvm/java-8-oracle/bin:/usr/lib/jvm/java-8-oracle/db/bin:/usr/lib/jvm/java-8-oracle/jre/bin
8 verbose lifecycle belief-tagger-api@0.0.0~prestart: CWD: /home/cvasquez/WebstormProjects/BeliefTagger
9 silly lifecycle belief-tagger-api@0.0.0~prestart: Args: [ '-c', 'npm install' ]
10 silly lifecycle belief-tagger-api@0.0.0~prestart: Returned: code: 1  signal: null
11 info lifecycle belief-tagger-api@0.0.0~prestart: Failed to exec prestart script
12 verbose stack Error: belief-tagger-api@0.0.0 prestart: `npm install`
12 verbose stack Exit status 1
12 verbose stack     at EventEmitter.<anonymous> (/home/cvasquez/.nvm/versions/node/v4.2.1/lib/node_modules/npm/lib/utils/lifecycle.js:233:16)
12 verbose stack     at emitTwo (events.js:87:13)
12 verbose stack     at EventEmitter.emit (events.js:172:7)
12 verbose stack     at ChildProcess.<anonymous> (/home/cvasquez/.nvm/versions/node/v4.2.1/lib/node_modules/npm/lib/utils/spawn.js:24:14)
12 verbose stack     at emitTwo (events.js:87:13)
12 verbose stack     at ChildProcess.emit (events.js:172:7)
12 verbose stack     at maybeClose (internal/child_process.js:818:16)
12 verbose stack     at Process.ChildProcess._handle.onexit (internal/child_process.js:211:5)
13 verbose pkgid belief-tagger-api@0.0.0
14 verbose cwd /home/cvasquez/WebstormProjects/BeliefTagger
15 error Linux 3.19.0-31-generic
16 error argv "/home/cvasquez/.nvm/versions/node/v4.2.1/bin/node" "/home/cvasquez/.nvm/versions/node/v4.2.1/bin/npm" "start"
17 error node v4.2.1
18 error npm  v3.3.8
19 error code ELIFECYCLE
20 error belief-tagger-api@0.0.0 prestart: `npm install`
20 error Exit status 1
21 error Failed at the belief-tagger-api@0.0.0 prestart script 'npm install'.
21 error This is most likely a problem with the belief-tagger-api package,
21 error not with npm itself.
21 error Tell the author that this fails on your system:
21 error     npm install
21 error You can get their info via:
21 error     npm owner ls belief-tagger-api
21 error There is likely additional logging output above.
22 verbose exit [ 1, true ]
